<?xml version="1.0" encoding="UTF-8"?>
<!-- Generated by org.testng.reporters.JUnitReportReporter -->
<testsuite hostname="SunilKunwal" failures="0" tests="1" name="files.SumValidation" time="2.156" errors="0" timestamp="2023-12-27T12:52:43 IST" skipped="0">
  <testcase classname="files.SumValidation" name="sumOfCouses" time="2.156"/>
</testsuite> <!-- files.SumValidation -->
