<?xml version="1.0" encoding="UTF-8"?>
<!-- Generated by org.testng.reporters.JUnitReportReporter -->
<testsuite hostname="SunilKunwal" failures="0" tests="3" name="files.DynamicJson" time="3.490" errors="0" timestamp="2024-01-06T17:16:06 IST" skipped="0">
  <testcase classname="files.DynamicJson" name="addBook" time="0.161"/>
  <testcase classname="files.DynamicJson" name="addBook" time="0.157"/>
  <testcase classname="files.DynamicJson" name="addBook" time="3.172"/>
</testsuite> <!-- files.DynamicJson -->
