<?xml version="1.0" encoding="UTF-8"?>
<!-- Generated by org.testng.reporters.JUnitReportReporter -->
<testsuite hostname="SunilKunwal" failures="0" tests="1" name="files.DynamicJson" time="3.852" errors="0" timestamp="2023-12-28T18:05:11 IST" skipped="0">
  <testcase classname="files.DynamicJson" name="addBook" time="3.852"/>
</testsuite> <!-- files.DynamicJson -->
