<?xml version="1.0" encoding="UTF-8"?>
<!-- Generated by org.testng.reporters.JUnitReportReporter -->
<testsuite hostname="SunilKunwal" failures="0" tests="1" name="files.SumValidation" time="2.376" errors="0" timestamp="2023-12-28T10:45:03 IST" skipped="0">
  <testcase classname="files.SumValidation" name="sumOfCouses" time="2.376"/>
</testsuite> <!-- files.SumValidation -->
